<?xml version="1.0" encoding="UTF-8"?>
<!-- Generated by org.testng.reporters.JUnitXMLReporter -->
<testsuite hostname="Sameer_Shaikh" name="Invalid_Login_verification_Test" tests="2" failures="0" timestamp="30 Oct 2014 11:32:10 GMT" time="7.695" errors="0">
  <testcase name="loginWithInValidUser" time="2.803" classname="Loginpage_verification.LoginTest"/>
  <testcase name="loginWithValidUser" time="4.882" classname="Loginpage_verification.LoginTest"/>
</testsuite> <!-- Invalid_Login_verification_Test -->
