<?xml version="1.0" encoding="UTF-8"?>
<!-- Generated by org.testng.reporters.JUnitXMLReporter -->
<testsuite hostname="Sameer_Shaikh" name="Invalid_Login_verification_Test" tests="2" failures="0" timestamp="30 Oct 2014 11:49:26 GMT" time="7.803" errors="0">
  <testcase name="loginWithInValidUser" time="2.431" classname="Loginpage_verification.LoginTest"/>
  <testcase name="loginWithValidUser" time="5.352" classname="Loginpage_verification.LoginTest"/>
</testsuite> <!-- Invalid_Login_verification_Test -->
