<?xml version="1.0" encoding="UTF-8"?>
<!-- Generated by org.testng.reporters.JUnitXMLReporter -->
<testsuite hostname="Sameer-PC" name="VHV_Library_SEO_Download" tests="1" failures="1" timestamp="23 Dec 2014 18:57:10 GMT" time="0.002" errors="0">
  <testcase name="Vision_and_History_SEO_test" time="0.002" classname="seo.VHV_Library_SEO_Download">
    <failure type="java.io.IOException" message="Cannot run program &amp;quot;D:\cancel.exe&amp;quot;: CreateProcess error=2, The system cannot find the file specified">
      <![CDATA[java.io.IOException: Cannot run program "D:\cancel.exe": CreateProcess error=2, The system cannot find the file specified
	at java.lang.ProcessBuilder.start(Unknown Source)
	at java.lang.Runtime.exec(Unknown Source)
	at java.lang.Runtime.exec(Unknown Source)
	at java.lang.Runtime.exec(Unknown Source)
	at seo.VHV_Library_SEO_Download.Vision_and_History_SEO_test(VHV_Library_SEO_Download.java:26)
Caused by: java.io.IOException: CreateProcess error=2, The system cannot find the file specified
	at java.lang.ProcessImpl.create(Native Method)
	at java.lang.ProcessImpl.<init>(Unknown Source)
	at java.lang.ProcessImpl.start(Unknown Source)
	... 28 more
... Removed 23 stack frames]]>
    </failure>
  </testcase> <!-- Vision_and_History_SEO_test -->
</testsuite> <!-- VHV_Library_SEO_Download -->
